103.01.04 21:18 B D:\Zli3\public_html\pic\10.jpg <-- brown.csd.uwo.ca /csd/grad/zli3/public_html/pic 10.jpg
103.01.04 21:20 B D:\Zli3\public_html\pic\11.jpg <-- brown.csd.uwo.ca /csd/grad/zli3/public_html/pic 11.jpg
103.01.04 21:20 B D:\Zli3\public_html\pic\12.jpg <-- brown.csd.uwo.ca /csd/grad/zli3/public_html/pic 12.jpg
103.01.04 21:21 B D:\Zli3\public_html\pic\13.jpg <-- brown.csd.uwo.ca /csd/grad/zli3/public_html/pic 13.jpg
103.01.04 21:22 B D:\Zli3\public_html\pic\14.jpg <-- brown.csd.uwo.ca /csd/grad/zli3/public_html/pic 14.jpg
103.01.04 21:23 B D:\Zli3\public_html\pic\15.jpg <-- brown.csd.uwo.ca /csd/grad/zli3/public_html/pic 15.jpg
103.01.04 21:24 B D:\Zli3\public_html\pic\16.jpg <-- brown.csd.uwo.ca /csd/grad/zli3/public_html/pic 16.jpg
103.01.04 21:25 B D:\Zli3\public_html\pic\17.jpg <-- brown.csd.uwo.ca /csd/grad/zli3/public_html/pic 17.jpg
103.01.04 21:27 B D:\Zli3\public_html\pic\18.jpg <-- brown.csd.uwo.ca /csd/grad/zli3/public_html/pic 18.jpg
103.01.04 21:28 B D:\Zli3\public_html\pic\19.jpg <-- brown.csd.uwo.ca /csd/grad/zli3/public_html/pic 19.jpg
103.01.04 21:29 B D:\Zli3\public_html\pic\20.jpg <-- brown.csd.uwo.ca /csd/grad/zli3/public_html/pic 20.jpg
103.01.04 21:33 B D:\Zli3\public_html\pic\21.jpg <-- brown.csd.uwo.ca /csd/grad/zli3/public_html/pic 21.jpg
103.01.04 21:38 B D:\Zli3\public_html\pic\22.jpg <-- brown.csd.uwo.ca /csd/grad/zli3/public_html/pic 22.jpg
103.01.04 21:40 B D:\Zli3\public_html\pic\23.jpg <-- brown.csd.uwo.ca /csd/grad/zli3/public_html/pic 23.jpg
103.01.04 21:41 B D:\Zli3\public_html\pic\24.jpg <-- brown.csd.uwo.ca /csd/grad/zli3/public_html/pic 24.jpg
103.01.04 21:41 B D:\Zli3\public_html\pic\bg10.gif <-- brown.csd.uwo.ca /csd/grad/zli3/public_html/pic bg10.gif
103.01.04 21:41 B D:\Zli3\public_html\pic\bttn9.jpg <-- brown.csd.uwo.ca /csd/grad/zli3/public_html/pic bttn9.jpg
103.01.04 21:43 B D:\Zli3\public_html\pic\heying.gif <-- brown.csd.uwo.ca /csd/grad/zli3/public_html/pic heying.gif
103.01.04 21:44 B D:\Zli3\public_html\pic\heying.jif <-- brown.csd.uwo.ca /csd/grad/zli3/public_html/pic heying.jif
103.01.04 21:46 B D:\Zli3\public_html\pic\ivey.gif <-- brown.csd.uwo.ca /csd/grad/zli3/public_html/pic ivey.gif
103.01.04 21:46 B D:\Zli3\public_html\pic\li.jpg <-- brown.csd.uwo.ca /csd/grad/zli3/public_html/pic li.jpg
103.01.04 21:46 B D:\Zli3\public_html\pic\RennerAndZhenheng.jpg <-- brown.csd.uwo.ca /csd/grad/zli3/public_html/pic RennerAndZhenheng.jpg
103.01.04 21:46 B D:\Zli3\public_html\pic\speckled.jpg <-- brown.csd.uwo.ca /csd/grad/zli3/public_html/pic speckled.jpg
103.01.04 21:47 B D:\Zli3\public_html\pic\zhenheng.gif <-- brown.csd.uwo.ca /csd/grad/zli3/public_html/pic zhenheng.gif
103.01.04 21:48 B D:\Zli3\public_html\pic\zhuangzhuang.gif <-- brown.csd.uwo.ca /csd/grad/zli3/public_html/pic zhuangzhuang.gif
103.01.04 21:50 B D:\Zli3\public_html\pic\zhuofan.gif <-- brown.csd.uwo.ca /csd/grad/zli3/public_html/pic zhuofan.gif
